CRITICAL - 2025-02-11 02:25:29 --> Undefined variable $customer
in APPPATH\Views\customer\user.php on line 155.
 1 APPPATH\Views\customer\user.php(155): CodeIgniter\Debug\Exceptions->errorHandler(2, 'Undefined variable $customer', 'C:\\xampp\\htdocs\\buku\\app\\Views\\customer\\user.php', 155)
 2 SYSTEMPATH\View\View.php(224): include('C:\\xampp\\htdocs\\buku\\app\\Views\\customer\\user.php')
 3 SYSTEMPATH\View\View.php(227): CodeIgniter\View\View->CodeIgniter\View\{closure}()
 4 SYSTEMPATH\Common.php(1180): CodeIgniter\View\View->render('customer/user', [], true)
 5 APPPATH\Controllers\CustomerController.php(22): view('customer/user', [...])
 6 SYSTEMPATH\CodeIgniter.php(932): App\Controllers\CustomerController->user()
 7 SYSTEMPATH\CodeIgniter.php(497): CodeIgniter\CodeIgniter->runController(Object(App\Controllers\CustomerController))
 8 SYSTEMPATH\CodeIgniter.php(366): CodeIgniter\CodeIgniter->handleRequest(null, Object(Config\Cache), false)
 9 FCPATH\index.php(67): CodeIgniter\CodeIgniter->run()
CRITICAL - 2025-02-11 02:27:24 --> Undefined variable $customer
in APPPATH\Views\customer\user.php on line 155.
 1 APPPATH\Views\customer\user.php(155): CodeIgniter\Debug\Exceptions->errorHandler(2, 'Undefined variable $customer', 'C:\\xampp\\htdocs\\buku\\app\\Views\\customer\\user.php', 155)
 2 SYSTEMPATH\View\View.php(224): include('C:\\xampp\\htdocs\\buku\\app\\Views\\customer\\user.php')
 3 SYSTEMPATH\View\View.php(227): CodeIgniter\View\View->CodeIgniter\View\{closure}()
 4 SYSTEMPATH\Common.php(1180): CodeIgniter\View\View->render('customer/user', [], true)
 5 APPPATH\Controllers\CustomerController.php(22): view('customer/user', [...])
 6 SYSTEMPATH\CodeIgniter.php(932): App\Controllers\CustomerController->user()
 7 SYSTEMPATH\CodeIgniter.php(497): CodeIgniter\CodeIgniter->runController(Object(App\Controllers\CustomerController))
 8 SYSTEMPATH\CodeIgniter.php(366): CodeIgniter\CodeIgniter->handleRequest(null, Object(Config\Cache), false)
 9 FCPATH\index.php(67): CodeIgniter\CodeIgniter->run()
CRITICAL - 2025-02-11 02:27:25 --> Undefined variable $customer
in APPPATH\Views\customer\user.php on line 155.
 1 APPPATH\Views\customer\user.php(155): CodeIgniter\Debug\Exceptions->errorHandler(2, 'Undefined variable $customer', 'C:\\xampp\\htdocs\\buku\\app\\Views\\customer\\user.php', 155)
 2 SYSTEMPATH\View\View.php(224): include('C:\\xampp\\htdocs\\buku\\app\\Views\\customer\\user.php')
 3 SYSTEMPATH\View\View.php(227): CodeIgniter\View\View->CodeIgniter\View\{closure}()
 4 SYSTEMPATH\Common.php(1180): CodeIgniter\View\View->render('customer/user', [], true)
 5 APPPATH\Controllers\CustomerController.php(22): view('customer/user', [...])
 6 SYSTEMPATH\CodeIgniter.php(932): App\Controllers\CustomerController->user()
 7 SYSTEMPATH\CodeIgniter.php(497): CodeIgniter\CodeIgniter->runController(Object(App\Controllers\CustomerController))
 8 SYSTEMPATH\CodeIgniter.php(366): CodeIgniter\CodeIgniter->handleRequest(null, Object(Config\Cache), false)
 9 FCPATH\index.php(67): CodeIgniter\CodeIgniter->run()
CRITICAL - 2025-02-11 02:27:36 --> Undefined variable $customer
in APPPATH\Views\customer\user.php on line 155.
 1 APPPATH\Views\customer\user.php(155): CodeIgniter\Debug\Exceptions->errorHandler(2, 'Undefined variable $customer', 'C:\\xampp\\htdocs\\buku\\app\\Views\\customer\\user.php', 155)
 2 SYSTEMPATH\View\View.php(224): include('C:\\xampp\\htdocs\\buku\\app\\Views\\customer\\user.php')
 3 SYSTEMPATH\View\View.php(227): CodeIgniter\View\View->CodeIgniter\View\{closure}()
 4 SYSTEMPATH\Common.php(1180): CodeIgniter\View\View->render('customer/user', [], true)
 5 APPPATH\Controllers\CustomerController.php(22): view('customer/user', [...])
 6 SYSTEMPATH\CodeIgniter.php(932): App\Controllers\CustomerController->user()
 7 SYSTEMPATH\CodeIgniter.php(497): CodeIgniter\CodeIgniter->runController(Object(App\Controllers\CustomerController))
 8 SYSTEMPATH\CodeIgniter.php(366): CodeIgniter\CodeIgniter->handleRequest(null, Object(Config\Cache), false)
 9 FCPATH\index.php(67): CodeIgniter\CodeIgniter->run()
CRITICAL - 2025-02-11 02:27:41 --> Undefined array key "id"
in APPPATH\Views\customer\user.php on line 155.
 1 APPPATH\Views\customer\user.php(155): CodeIgniter\Debug\Exceptions->errorHandler(2, 'Undefined array key "id"', 'C:\\xampp\\htdocs\\buku\\app\\Views\\customer\\user.php', 155)
 2 SYSTEMPATH\View\View.php(224): include('C:\\xampp\\htdocs\\buku\\app\\Views\\customer\\user.php')
 3 SYSTEMPATH\View\View.php(227): CodeIgniter\View\View->CodeIgniter\View\{closure}()
 4 SYSTEMPATH\Common.php(1180): CodeIgniter\View\View->render('customer/user', [], true)
 5 APPPATH\Controllers\CustomerController.php(22): view('customer/user', [...])
 6 SYSTEMPATH\CodeIgniter.php(932): App\Controllers\CustomerController->user()
 7 SYSTEMPATH\CodeIgniter.php(497): CodeIgniter\CodeIgniter->runController(Object(App\Controllers\CustomerController))
 8 SYSTEMPATH\CodeIgniter.php(366): CodeIgniter\CodeIgniter->handleRequest(null, Object(Config\Cache), false)
 9 FCPATH\index.php(67): CodeIgniter\CodeIgniter->run()
CRITICAL - 2025-02-11 02:27:42 --> Undefined array key "id"
in APPPATH\Views\customer\user.php on line 155.
 1 APPPATH\Views\customer\user.php(155): CodeIgniter\Debug\Exceptions->errorHandler(2, 'Undefined array key "id"', 'C:\\xampp\\htdocs\\buku\\app\\Views\\customer\\user.php', 155)
 2 SYSTEMPATH\View\View.php(224): include('C:\\xampp\\htdocs\\buku\\app\\Views\\customer\\user.php')
 3 SYSTEMPATH\View\View.php(227): CodeIgniter\View\View->CodeIgniter\View\{closure}()
 4 SYSTEMPATH\Common.php(1180): CodeIgniter\View\View->render('customer/user', [], true)
 5 APPPATH\Controllers\CustomerController.php(22): view('customer/user', [...])
 6 SYSTEMPATH\CodeIgniter.php(932): App\Controllers\CustomerController->user()
 7 SYSTEMPATH\CodeIgniter.php(497): CodeIgniter\CodeIgniter->runController(Object(App\Controllers\CustomerController))
 8 SYSTEMPATH\CodeIgniter.php(366): CodeIgniter\CodeIgniter->handleRequest(null, Object(Config\Cache), false)
 9 FCPATH\index.php(67): CodeIgniter\CodeIgniter->run()
INFO - 2025-02-11 02:30:01 --> Session: Class initialized using 'CodeIgniter\Session\Handlers\FileHandler' driver.
CRITICAL - 2025-02-11 02:30:22 --> Undefined array key "title"
in APPPATH\Views\customer\edit.php on line 41.
 1 APPPATH\Views\customer\edit.php(41): CodeIgniter\Debug\Exceptions->errorHandler(2, 'Undefined array key "title"', 'C:\\xampp\\htdocs\\buku\\app\\Views\\customer\\edit.php', 41)
 2 SYSTEMPATH\View\View.php(224): include('C:\\xampp\\htdocs\\buku\\app\\Views\\customer\\edit.php')
 3 SYSTEMPATH\View\View.php(227): CodeIgniter\View\View->CodeIgniter\View\{closure}()
 4 SYSTEMPATH\Common.php(1180): CodeIgniter\View\View->render('customer/edit', [], true)
 5 APPPATH\Controllers\CustomerController.php(53): view('customer/edit', [...])
 6 SYSTEMPATH\CodeIgniter.php(932): App\Controllers\CustomerController->edit('4')
 7 SYSTEMPATH\CodeIgniter.php(497): CodeIgniter\CodeIgniter->runController(Object(App\Controllers\CustomerController))
 8 SYSTEMPATH\CodeIgniter.php(366): CodeIgniter\CodeIgniter->handleRequest(null, Object(Config\Cache), false)
 9 FCPATH\index.php(67): CodeIgniter\CodeIgniter->run()
CRITICAL - 2025-02-11 02:30:43 --> Undefined array key "published_year"
in APPPATH\Views\customer\edit.php on line 43.
 1 APPPATH\Views\customer\edit.php(43): CodeIgniter\Debug\Exceptions->errorHandler(2, 'Undefined array key "published_year"', 'C:\\xampp\\htdocs\\buku\\app\\Views\\customer\\edit.php', 43)
 2 SYSTEMPATH\View\View.php(224): include('C:\\xampp\\htdocs\\buku\\app\\Views\\customer\\edit.php')
 3 SYSTEMPATH\View\View.php(227): CodeIgniter\View\View->CodeIgniter\View\{closure}()
 4 SYSTEMPATH\Common.php(1180): CodeIgniter\View\View->render('customer/edit', [], true)
 5 APPPATH\Controllers\CustomerController.php(53): view('customer/edit', [...])
 6 SYSTEMPATH\CodeIgniter.php(932): App\Controllers\CustomerController->edit('4')
 7 SYSTEMPATH\CodeIgniter.php(497): CodeIgniter\CodeIgniter->runController(Object(App\Controllers\CustomerController))
 8 SYSTEMPATH\CodeIgniter.php(366): CodeIgniter\CodeIgniter->handleRequest(null, Object(Config\Cache), false)
 9 FCPATH\index.php(67): CodeIgniter\CodeIgniter->run()
INFO - 2025-02-11 02:31:35 --> Session: Class initialized using 'CodeIgniter\Session\Handlers\FileHandler' driver.
INFO - 2025-02-11 02:31:37 --> Session: Class initialized using 'CodeIgniter\Session\Handlers\FileHandler' driver.
INFO - 2025-02-11 02:35:24 --> Session: Class initialized using 'CodeIgniter\Session\Handlers\FileHandler' driver.
INFO - 2025-02-11 02:35:30 --> Session: Class initialized using 'CodeIgniter\Session\Handlers\FileHandler' driver.
INFO - 2025-02-11 02:35:39 --> Session: Class initialized using 'CodeIgniter\Session\Handlers\FileHandler' driver.
INFO - 2025-02-11 02:35:40 --> Session: Class initialized using 'CodeIgniter\Session\Handlers\FileHandler' driver.
INFO - 2025-02-11 02:37:40 --> Session: Class initialized using 'CodeIgniter\Session\Handlers\FileHandler' driver.
INFO - 2025-02-11 02:37:48 --> Session: Class initialized using 'CodeIgniter\Session\Handlers\FileHandler' driver.
INFO - 2025-02-11 02:37:53 --> Session: Class initialized using 'CodeIgniter\Session\Handlers\FileHandler' driver.
CRITICAL - 2025-02-11 02:43:00 --> Trying to access array offset on value of type null
in APPPATH\Views\customer\edit.php on line 40.
 1 APPPATH\Views\customer\edit.php(40): CodeIgniter\Debug\Exceptions->errorHandler(2, 'Trying to access array offset on value of type null', 'C:\\xampp\\htdocs\\buku\\app\\Views\\customer\\edit.php', 40)
 2 SYSTEMPATH\View\View.php(224): include('C:\\xampp\\htdocs\\buku\\app\\Views\\customer\\edit.php')
 3 SYSTEMPATH\View\View.php(227): CodeIgniter\View\View->CodeIgniter\View\{closure}()
 4 SYSTEMPATH\Common.php(1180): CodeIgniter\View\View->render('customer/edit', [], true)
 5 APPPATH\Controllers\CustomerController.php(53): view('customer/edit', [...])
 6 SYSTEMPATH\CodeIgniter.php(932): App\Controllers\CustomerController->edit('2')
 7 SYSTEMPATH\CodeIgniter.php(497): CodeIgniter\CodeIgniter->runController(Object(App\Controllers\CustomerController))
 8 SYSTEMPATH\CodeIgniter.php(366): CodeIgniter\CodeIgniter->handleRequest(null, Object(Config\Cache), false)
 9 FCPATH\index.php(67): CodeIgniter\CodeIgniter->run()
INFO - 2025-02-11 02:46:45 --> Session: Class initialized using 'CodeIgniter\Session\Handlers\FileHandler' driver.
INFO - 2025-02-11 02:48:01 --> Session: Class initialized using 'CodeIgniter\Session\Handlers\FileHandler' driver.
INFO - 2025-02-11 02:48:04 --> Session: Class initialized using 'CodeIgniter\Session\Handlers\FileHandler' driver.
ERROR - 2025-02-11 02:58:54 --> mysqli_sql_exception: Column 'name' cannot be null in C:\xampp\htdocs\buku\system\Database\MySQLi\Connection.php:295
Stack trace:
#0 C:\xampp\htdocs\buku\system\Database\MySQLi\Connection.php(295): mysqli->query('INSERT INTO `cu...', 0)
#1 C:\xampp\htdocs\buku\system\Database\BaseConnection.php(692): CodeIgniter\Database\MySQLi\Connection->execute('INSERT INTO `cu...')
#2 C:\xampp\htdocs\buku\system\Database\BaseConnection.php(606): CodeIgniter\Database\BaseConnection->simpleQuery('INSERT INTO `cu...')
#3 C:\xampp\htdocs\buku\system\Database\BaseBuilder.php(2309): CodeIgniter\Database\BaseConnection->query('INSERT INTO `cu...', Array, false)
#4 C:\xampp\htdocs\buku\system\Model.php(330): CodeIgniter\Database\BaseBuilder->insert()
#5 C:\xampp\htdocs\buku\system\BaseModel.php(782): CodeIgniter\Model->doInsert(Array)
#6 C:\xampp\htdocs\buku\system\Model.php(730): CodeIgniter\BaseModel->insert(Array, false)
#7 C:\xampp\htdocs\buku\system\BaseModel.php(692): CodeIgniter\Model->insert(Array, false)
#8 C:\xampp\htdocs\buku\app\Controllers\CustomerController.php(40): CodeIgniter\BaseModel->save(Array)
#9 C:\xampp\htdocs\buku\system\CodeIgniter.php(932): App\Controllers\CustomerController->store()
#10 C:\xampp\htdocs\buku\system\CodeIgniter.php(497): CodeIgniter\CodeIgniter->runController(Object(App\Controllers\CustomerController))
#11 C:\xampp\htdocs\buku\system\CodeIgniter.php(366): CodeIgniter\CodeIgniter->handleRequest(NULL, Object(Config\Cache), false)
#12 C:\xampp\htdocs\buku\index.php(67): CodeIgniter\CodeIgniter->run()
#13 {main}
CRITICAL - 2025-02-11 02:58:54 --> Column 'name' cannot be null
in SYSTEMPATH\Database\MySQLi\Connection.php on line 295.
 1 SYSTEMPATH\Database\MySQLi\Connection.php(295): mysqli->query('INSERT INTO `customers` (`name`, `email`) VALUES (NULL, NULL)', 0)
 2 SYSTEMPATH\Database\BaseConnection.php(692): CodeIgniter\Database\MySQLi\Connection->execute('INSERT INTO `customers` (`name`, `email`) VALUES (NULL, NULL)')
 3 SYSTEMPATH\Database\BaseConnection.php(606): CodeIgniter\Database\BaseConnection->simpleQuery('INSERT INTO `customers` (`name`, `email`) VALUES (NULL, NULL)')
 4 SYSTEMPATH\Database\BaseBuilder.php(2309): CodeIgniter\Database\BaseConnection->query('INSERT INTO `customers` (`name`, `email`) VALUES (:name:, :email:)', [...], false)
 5 SYSTEMPATH\Model.php(330): CodeIgniter\Database\BaseBuilder->insert()
 6 SYSTEMPATH\BaseModel.php(782): CodeIgniter\Model->doInsert([...])
 7 SYSTEMPATH\Model.php(730): CodeIgniter\BaseModel->insert([...], false)
 8 SYSTEMPATH\BaseModel.php(692): CodeIgniter\Model->insert([...], false)
 9 APPPATH\Controllers\CustomerController.php(40): CodeIgniter\BaseModel->save([...])
10 SYSTEMPATH\CodeIgniter.php(932): App\Controllers\CustomerController->store()
11 SYSTEMPATH\CodeIgniter.php(497): CodeIgniter\CodeIgniter->runController(Object(App\Controllers\CustomerController))
12 SYSTEMPATH\CodeIgniter.php(366): CodeIgniter\CodeIgniter->handleRequest(null, Object(Config\Cache), false)
13 FCPATH\index.php(67): CodeIgniter\CodeIgniter->run()
ERROR - 2025-02-11 03:00:21 --> mysqli_sql_exception: Column 'name' cannot be null in C:\xampp\htdocs\buku\system\Database\MySQLi\Connection.php:295
Stack trace:
#0 C:\xampp\htdocs\buku\system\Database\MySQLi\Connection.php(295): mysqli->query('INSERT INTO `cu...', 0)
#1 C:\xampp\htdocs\buku\system\Database\BaseConnection.php(692): CodeIgniter\Database\MySQLi\Connection->execute('INSERT INTO `cu...')
#2 C:\xampp\htdocs\buku\system\Database\BaseConnection.php(606): CodeIgniter\Database\BaseConnection->simpleQuery('INSERT INTO `cu...')
#3 C:\xampp\htdocs\buku\system\Database\BaseBuilder.php(2309): CodeIgniter\Database\BaseConnection->query('INSERT INTO `cu...', Array, false)
#4 C:\xampp\htdocs\buku\system\Model.php(330): CodeIgniter\Database\BaseBuilder->insert()
#5 C:\xampp\htdocs\buku\system\BaseModel.php(782): CodeIgniter\Model->doInsert(Array)
#6 C:\xampp\htdocs\buku\system\Model.php(730): CodeIgniter\BaseModel->insert(Array, false)
#7 C:\xampp\htdocs\buku\system\BaseModel.php(692): CodeIgniter\Model->insert(Array, false)
#8 C:\xampp\htdocs\buku\app\Controllers\CustomerController.php(40): CodeIgniter\BaseModel->save(Array)
#9 C:\xampp\htdocs\buku\system\CodeIgniter.php(932): App\Controllers\CustomerController->store()
#10 C:\xampp\htdocs\buku\system\CodeIgniter.php(497): CodeIgniter\CodeIgniter->runController(Object(App\Controllers\CustomerController))
#11 C:\xampp\htdocs\buku\system\CodeIgniter.php(366): CodeIgniter\CodeIgniter->handleRequest(NULL, Object(Config\Cache), false)
#12 C:\xampp\htdocs\buku\index.php(67): CodeIgniter\CodeIgniter->run()
#13 {main}
CRITICAL - 2025-02-11 03:00:21 --> Column 'name' cannot be null
in SYSTEMPATH\Database\MySQLi\Connection.php on line 295.
 1 SYSTEMPATH\Database\MySQLi\Connection.php(295): mysqli->query('INSERT INTO `customers` (`name`, `email`) VALUES (NULL, NULL)', 0)
 2 SYSTEMPATH\Database\BaseConnection.php(692): CodeIgniter\Database\MySQLi\Connection->execute('INSERT INTO `customers` (`name`, `email`) VALUES (NULL, NULL)')
 3 SYSTEMPATH\Database\BaseConnection.php(606): CodeIgniter\Database\BaseConnection->simpleQuery('INSERT INTO `customers` (`name`, `email`) VALUES (NULL, NULL)')
 4 SYSTEMPATH\Database\BaseBuilder.php(2309): CodeIgniter\Database\BaseConnection->query('INSERT INTO `customers` (`name`, `email`) VALUES (:name:, :email:)', [...], false)
 5 SYSTEMPATH\Model.php(330): CodeIgniter\Database\BaseBuilder->insert()
 6 SYSTEMPATH\BaseModel.php(782): CodeIgniter\Model->doInsert([...])
 7 SYSTEMPATH\Model.php(730): CodeIgniter\BaseModel->insert([...], false)
 8 SYSTEMPATH\BaseModel.php(692): CodeIgniter\Model->insert([...], false)
 9 APPPATH\Controllers\CustomerController.php(40): CodeIgniter\BaseModel->save([...])
10 SYSTEMPATH\CodeIgniter.php(932): App\Controllers\CustomerController->store()
11 SYSTEMPATH\CodeIgniter.php(497): CodeIgniter\CodeIgniter->runController(Object(App\Controllers\CustomerController))
12 SYSTEMPATH\CodeIgniter.php(366): CodeIgniter\CodeIgniter->handleRequest(null, Object(Config\Cache), false)
13 FCPATH\index.php(67): CodeIgniter\CodeIgniter->run()
ERROR - 2025-02-11 03:00:23 --> mysqli_sql_exception: Column 'name' cannot be null in C:\xampp\htdocs\buku\system\Database\MySQLi\Connection.php:295
Stack trace:
#0 C:\xampp\htdocs\buku\system\Database\MySQLi\Connection.php(295): mysqli->query('INSERT INTO `cu...', 0)
#1 C:\xampp\htdocs\buku\system\Database\BaseConnection.php(692): CodeIgniter\Database\MySQLi\Connection->execute('INSERT INTO `cu...')
#2 C:\xampp\htdocs\buku\system\Database\BaseConnection.php(606): CodeIgniter\Database\BaseConnection->simpleQuery('INSERT INTO `cu...')
#3 C:\xampp\htdocs\buku\system\Database\BaseBuilder.php(2309): CodeIgniter\Database\BaseConnection->query('INSERT INTO `cu...', Array, false)
#4 C:\xampp\htdocs\buku\system\Model.php(330): CodeIgniter\Database\BaseBuilder->insert()
#5 C:\xampp\htdocs\buku\system\BaseModel.php(782): CodeIgniter\Model->doInsert(Array)
#6 C:\xampp\htdocs\buku\system\Model.php(730): CodeIgniter\BaseModel->insert(Array, false)
#7 C:\xampp\htdocs\buku\system\BaseModel.php(692): CodeIgniter\Model->insert(Array, false)
#8 C:\xampp\htdocs\buku\app\Controllers\CustomerController.php(40): CodeIgniter\BaseModel->save(Array)
#9 C:\xampp\htdocs\buku\system\CodeIgniter.php(932): App\Controllers\CustomerController->store()
#10 C:\xampp\htdocs\buku\system\CodeIgniter.php(497): CodeIgniter\CodeIgniter->runController(Object(App\Controllers\CustomerController))
#11 C:\xampp\htdocs\buku\system\CodeIgniter.php(366): CodeIgniter\CodeIgniter->handleRequest(NULL, Object(Config\Cache), false)
#12 C:\xampp\htdocs\buku\index.php(67): CodeIgniter\CodeIgniter->run()
#13 {main}
CRITICAL - 2025-02-11 03:00:23 --> Column 'name' cannot be null
in SYSTEMPATH\Database\MySQLi\Connection.php on line 295.
 1 SYSTEMPATH\Database\MySQLi\Connection.php(295): mysqli->query('INSERT INTO `customers` (`name`, `email`) VALUES (NULL, NULL)', 0)
 2 SYSTEMPATH\Database\BaseConnection.php(692): CodeIgniter\Database\MySQLi\Connection->execute('INSERT INTO `customers` (`name`, `email`) VALUES (NULL, NULL)')
 3 SYSTEMPATH\Database\BaseConnection.php(606): CodeIgniter\Database\BaseConnection->simpleQuery('INSERT INTO `customers` (`name`, `email`) VALUES (NULL, NULL)')
 4 SYSTEMPATH\Database\BaseBuilder.php(2309): CodeIgniter\Database\BaseConnection->query('INSERT INTO `customers` (`name`, `email`) VALUES (:name:, :email:)', [...], false)
 5 SYSTEMPATH\Model.php(330): CodeIgniter\Database\BaseBuilder->insert()
 6 SYSTEMPATH\BaseModel.php(782): CodeIgniter\Model->doInsert([...])
 7 SYSTEMPATH\Model.php(730): CodeIgniter\BaseModel->insert([...], false)
 8 SYSTEMPATH\BaseModel.php(692): CodeIgniter\Model->insert([...], false)
 9 APPPATH\Controllers\CustomerController.php(40): CodeIgniter\BaseModel->save([...])
10 SYSTEMPATH\CodeIgniter.php(932): App\Controllers\CustomerController->store()
11 SYSTEMPATH\CodeIgniter.php(497): CodeIgniter\CodeIgniter->runController(Object(App\Controllers\CustomerController))
12 SYSTEMPATH\CodeIgniter.php(366): CodeIgniter\CodeIgniter->handleRequest(null, Object(Config\Cache), false)
13 FCPATH\index.php(67): CodeIgniter\CodeIgniter->run()
ERROR - 2025-02-11 03:10:48 --> mysqli_sql_exception: Column 'name' cannot be null in C:\xampp\htdocs\buku\system\Database\MySQLi\Connection.php:295
Stack trace:
#0 C:\xampp\htdocs\buku\system\Database\MySQLi\Connection.php(295): mysqli->query('INSERT INTO `cu...', 0)
#1 C:\xampp\htdocs\buku\system\Database\BaseConnection.php(692): CodeIgniter\Database\MySQLi\Connection->execute('INSERT INTO `cu...')
#2 C:\xampp\htdocs\buku\system\Database\BaseConnection.php(606): CodeIgniter\Database\BaseConnection->simpleQuery('INSERT INTO `cu...')
#3 C:\xampp\htdocs\buku\system\Database\BaseBuilder.php(2309): CodeIgniter\Database\BaseConnection->query('INSERT INTO `cu...', Array, false)
#4 C:\xampp\htdocs\buku\system\Model.php(330): CodeIgniter\Database\BaseBuilder->insert()
#5 C:\xampp\htdocs\buku\system\BaseModel.php(782): CodeIgniter\Model->doInsert(Array)
#6 C:\xampp\htdocs\buku\system\Model.php(730): CodeIgniter\BaseModel->insert(Array, false)
#7 C:\xampp\htdocs\buku\system\BaseModel.php(692): CodeIgniter\Model->insert(Array, false)
#8 C:\xampp\htdocs\buku\app\Controllers\CustomerController.php(40): CodeIgniter\BaseModel->save(Array)
#9 C:\xampp\htdocs\buku\system\CodeIgniter.php(932): App\Controllers\CustomerController->store()
#10 C:\xampp\htdocs\buku\system\CodeIgniter.php(497): CodeIgniter\CodeIgniter->runController(Object(App\Controllers\CustomerController))
#11 C:\xampp\htdocs\buku\system\CodeIgniter.php(366): CodeIgniter\CodeIgniter->handleRequest(NULL, Object(Config\Cache), false)
#12 C:\xampp\htdocs\buku\index.php(67): CodeIgniter\CodeIgniter->run()
#13 {main}
CRITICAL - 2025-02-11 03:10:48 --> Column 'name' cannot be null
in SYSTEMPATH\Database\MySQLi\Connection.php on line 295.
 1 SYSTEMPATH\Database\MySQLi\Connection.php(295): mysqli->query('INSERT INTO `customers` (`name`, `email`) VALUES (NULL, NULL)', 0)
 2 SYSTEMPATH\Database\BaseConnection.php(692): CodeIgniter\Database\MySQLi\Connection->execute('INSERT INTO `customers` (`name`, `email`) VALUES (NULL, NULL)')
 3 SYSTEMPATH\Database\BaseConnection.php(606): CodeIgniter\Database\BaseConnection->simpleQuery('INSERT INTO `customers` (`name`, `email`) VALUES (NULL, NULL)')
 4 SYSTEMPATH\Database\BaseBuilder.php(2309): CodeIgniter\Database\BaseConnection->query('INSERT INTO `customers` (`name`, `email`) VALUES (:name:, :email:)', [...], false)
 5 SYSTEMPATH\Model.php(330): CodeIgniter\Database\BaseBuilder->insert()
 6 SYSTEMPATH\BaseModel.php(782): CodeIgniter\Model->doInsert([...])
 7 SYSTEMPATH\Model.php(730): CodeIgniter\BaseModel->insert([...], false)
 8 SYSTEMPATH\BaseModel.php(692): CodeIgniter\Model->insert([...], false)
 9 APPPATH\Controllers\CustomerController.php(40): CodeIgniter\BaseModel->save([...])
10 SYSTEMPATH\CodeIgniter.php(932): App\Controllers\CustomerController->store()
11 SYSTEMPATH\CodeIgniter.php(497): CodeIgniter\CodeIgniter->runController(Object(App\Controllers\CustomerController))
12 SYSTEMPATH\CodeIgniter.php(366): CodeIgniter\CodeIgniter->handleRequest(null, Object(Config\Cache), false)
13 FCPATH\index.php(67): CodeIgniter\CodeIgniter->run()
INFO - 2025-02-11 03:10:49 --> Session: Class initialized using 'CodeIgniter\Session\Handlers\FileHandler' driver.
INFO - 2025-02-11 03:10:50 --> Session: Class initialized using 'CodeIgniter\Session\Handlers\FileHandler' driver.
INFO - 2025-02-11 03:10:50 --> Session: Class initialized using 'CodeIgniter\Session\Handlers\FileHandler' driver.
INFO - 2025-02-11 03:10:51 --> Session: Class initialized using 'CodeIgniter\Session\Handlers\FileHandler' driver.
INFO - 2025-02-11 03:10:51 --> Session: Class initialized using 'CodeIgniter\Session\Handlers\FileHandler' driver.
INFO - 2025-02-11 03:10:51 --> Session: Class initialized using 'CodeIgniter\Session\Handlers\FileHandler' driver.
INFO - 2025-02-11 03:10:51 --> Session: Class initialized using 'CodeIgniter\Session\Handlers\FileHandler' driver.
ERROR - 2025-02-11 03:11:05 --> mysqli_sql_exception: Unknown column 'status' in 'field list' in C:\xampp\htdocs\buku\system\Database\MySQLi\Connection.php:295
Stack trace:
#0 C:\xampp\htdocs\buku\system\Database\MySQLi\Connection.php(295): mysqli->query('INSERT INTO `lo...', 0)
#1 C:\xampp\htdocs\buku\system\Database\BaseConnection.php(692): CodeIgniter\Database\MySQLi\Connection->execute('INSERT INTO `lo...')
#2 C:\xampp\htdocs\buku\system\Database\BaseConnection.php(606): CodeIgniter\Database\BaseConnection->simpleQuery('INSERT INTO `lo...')
#3 C:\xampp\htdocs\buku\system\Database\BaseBuilder.php(2309): CodeIgniter\Database\BaseConnection->query('INSERT INTO `lo...', Array, false)
#4 C:\xampp\htdocs\buku\system\Model.php(330): CodeIgniter\Database\BaseBuilder->insert()
#5 C:\xampp\htdocs\buku\system\BaseModel.php(782): CodeIgniter\Model->doInsert(Array)
#6 C:\xampp\htdocs\buku\system\Model.php(730): CodeIgniter\BaseModel->insert(Array, true)
#7 C:\xampp\htdocs\buku\app\Controllers\LoanController.php(58): CodeIgniter\Model->insert(Array)
#8 C:\xampp\htdocs\buku\system\CodeIgniter.php(932): App\Controllers\LoanController->store()
#9 C:\xampp\htdocs\buku\system\CodeIgniter.php(497): CodeIgniter\CodeIgniter->runController(Object(App\Controllers\LoanController))
#10 C:\xampp\htdocs\buku\system\CodeIgniter.php(366): CodeIgniter\CodeIgniter->handleRequest(NULL, Object(Config\Cache), false)
#11 C:\xampp\htdocs\buku\index.php(67): CodeIgniter\CodeIgniter->run()
#12 {main}
CRITICAL - 2025-02-11 03:11:05 --> Unknown column 'status' in 'field list'
in SYSTEMPATH\Database\MySQLi\Connection.php on line 295.
 1 SYSTEMPATH\Database\MySQLi\Connection.php(295): mysqli->query('INSERT INTO `loans` (`customer_id`, `book_id`, `loan_date`, `return_date`, `status`) VALUES (\'1\', \'1\', \'2025-02-11\', \'2025-02-12\', \'Dipinjam\')', 0)
 2 SYSTEMPATH\Database\BaseConnection.php(692): CodeIgniter\Database\MySQLi\Connection->execute('INSERT INTO `loans` (`customer_id`, `book_id`, `loan_date`, `return_date`, `status`) VALUES (\'1\', \'1\', \'2025-02-11\', \'2025-02-12\', \'Dipinjam\')')
 3 SYSTEMPATH\Database\BaseConnection.php(606): CodeIgniter\Database\BaseConnection->simpleQuery('INSERT INTO `loans` (`customer_id`, `book_id`, `loan_date`, `return_date`, `status`) VALUES (\'1\', \'1\', \'2025-02-11\', \'2025-02-12\', \'Dipinjam\')')
 4 SYSTEMPATH\Database\BaseBuilder.php(2309): CodeIgniter\Database\BaseConnection->query('INSERT INTO `loans` (`customer_id`, `book_id`, `loan_date`, `return_date`, `status`) VALUES (:customer_id:, :book_id:, :loan_date:, :return_date:, :status:)', [...], false)
 5 SYSTEMPATH\Model.php(330): CodeIgniter\Database\BaseBuilder->insert()
 6 SYSTEMPATH\BaseModel.php(782): CodeIgniter\Model->doInsert([...])
 7 SYSTEMPATH\Model.php(730): CodeIgniter\BaseModel->insert([...], true)
 8 APPPATH\Controllers\LoanController.php(58): CodeIgniter\Model->insert([...])
 9 SYSTEMPATH\CodeIgniter.php(932): App\Controllers\LoanController->store()
10 SYSTEMPATH\CodeIgniter.php(497): CodeIgniter\CodeIgniter->runController(Object(App\Controllers\LoanController))
11 SYSTEMPATH\CodeIgniter.php(366): CodeIgniter\CodeIgniter->handleRequest(null, Object(Config\Cache), false)
12 FCPATH\index.php(67): CodeIgniter\CodeIgniter->run()
INFO - 2025-02-11 03:14:40 --> Session: Class initialized using 'CodeIgniter\Session\Handlers\FileHandler' driver.
INFO - 2025-02-11 03:15:06 --> Session: Class initialized using 'CodeIgniter\Session\Handlers\FileHandler' driver.
INFO - 2025-02-11 03:21:15 --> Session: Class initialized using 'CodeIgniter\Session\Handlers\FileHandler' driver.
INFO - 2025-02-11 03:22:19 --> Session: Class initialized using 'CodeIgniter\Session\Handlers\FileHandler' driver.
INFO - 2025-02-11 03:23:10 --> Session: Class initialized using 'CodeIgniter\Session\Handlers\FileHandler' driver.
INFO - 2025-02-11 03:25:03 --> Session: Class initialized using 'CodeIgniter\Session\Handlers\FileHandler' driver.
INFO - 2025-02-11 03:25:06 --> Session: Class initialized using 'CodeIgniter\Session\Handlers\FileHandler' driver.
INFO - 2025-02-11 03:25:18 --> Session: Class initialized using 'CodeIgniter\Session\Handlers\FileHandler' driver.
