CRITICAL - 2025-02-10 14:19:24 --> Invalid file: "books/create.php"
in SYSTEMPATH\Exceptions\FrameworkException.php on line 33.
 1 SYSTEMPATH\View\View.php(212): CodeIgniter\Exceptions\FrameworkException::forInvalidFile('books/create.php')
 2 SYSTEMPATH\Common.php(1180): CodeIgniter\View\View->render('books/create', [], true)
 3 APPPATH\Controllers\BookController.php(16): view('books/create')
 4 SYSTEMPATH\CodeIgniter.php(932): App\Controllers\BookController->create()
 5 SYSTEMPATH\CodeIgniter.php(497): CodeIgniter\CodeIgniter->runController(Object(App\Controllers\BookController))
 6 SYSTEMPATH\CodeIgniter.php(366): CodeIgniter\CodeIgniter->handleRequest(null, Object(Config\Cache), false)
 7 FCPATH\index.php(67): CodeIgniter\CodeIgniter->run()
CRITICAL - 2025-02-10 14:19:45 --> Invalid file: "books/create.php"
in SYSTEMPATH\Exceptions\FrameworkException.php on line 33.
 1 SYSTEMPATH\View\View.php(212): CodeIgniter\Exceptions\FrameworkException::forInvalidFile('books/create.php')
 2 SYSTEMPATH\Common.php(1180): CodeIgniter\View\View->render('books/create', [], true)
 3 APPPATH\Controllers\BookController.php(16): view('books/create')
 4 SYSTEMPATH\CodeIgniter.php(932): App\Controllers\BookController->create()
 5 SYSTEMPATH\CodeIgniter.php(497): CodeIgniter\CodeIgniter->runController(Object(App\Controllers\BookController))
 6 SYSTEMPATH\CodeIgniter.php(366): CodeIgniter\CodeIgniter->handleRequest(null, Object(Config\Cache), false)
 7 FCPATH\index.php(67): CodeIgniter\CodeIgniter->run()
CRITICAL - 2025-02-10 14:27:16 --> preg_match(): Compilation failed: unmatched closing parenthesis at offset 15
in SYSTEMPATH\Router\Router.php on line 419.
 1 [internal function]: CodeIgniter\Debug\Exceptions->errorHandler(2, 'preg_match(): Compilation failed: unmatched closing parenthesis at offset 15', 'C:\\xampp\\htdocs\\tesdata\\system\\Router\\Router.php', 419)
 2 SYSTEMPATH\Router\Router.php(419): preg_match('#^book/edit/(.*))$#u', 'book/edit/2', [])
 3 SYSTEMPATH\Router\Router.php(182): CodeIgniter\Router\Router->checkRoutes('book/edit/2')
 4 SYSTEMPATH\CodeIgniter.php(813): CodeIgniter\Router\Router->handle('book/edit/2')
 5 SYSTEMPATH\CodeIgniter.php(447): CodeIgniter\CodeIgniter->tryToRouteIt(Object(CodeIgniter\Router\RouteCollection))
 6 SYSTEMPATH\CodeIgniter.php(366): CodeIgniter\CodeIgniter->handleRequest(null, Object(Config\Cache), false)
 7 FCPATH\index.php(67): CodeIgniter\CodeIgniter->run()
CRITICAL - 2025-02-10 15:10:34 --> Invalid file: "customer/index.php"
in SYSTEMPATH\Exceptions\FrameworkException.php on line 33.
 1 SYSTEMPATH\View\View.php(212): CodeIgniter\Exceptions\FrameworkException::forInvalidFile('customer/index.php')
 2 SYSTEMPATH\Common.php(1180): CodeIgniter\View\View->render('customer/index', [], true)
 3 APPPATH\Controllers\CustomerController.php(15): view('customer/index', [...])
 4 SYSTEMPATH\CodeIgniter.php(932): App\Controllers\CustomerController->index()
 5 SYSTEMPATH\CodeIgniter.php(497): CodeIgniter\CodeIgniter->runController(Object(App\Controllers\CustomerController))
 6 SYSTEMPATH\CodeIgniter.php(366): CodeIgniter\CodeIgniter->handleRequest(null, Object(Config\Cache), false)
 7 FCPATH\index.php(67): CodeIgniter\CodeIgniter->run()
CRITICAL - 2025-02-10 15:13:59 --> Invalid file: "customer/index.php"
in SYSTEMPATH\Exceptions\FrameworkException.php on line 33.
 1 SYSTEMPATH\View\View.php(212): CodeIgniter\Exceptions\FrameworkException::forInvalidFile('customer/index.php')
 2 SYSTEMPATH\Common.php(1180): CodeIgniter\View\View->render('customer/index', [], true)
 3 APPPATH\Controllers\CustomerController.php(15): view('customer/index', [...])
 4 SYSTEMPATH\CodeIgniter.php(932): App\Controllers\CustomerController->index()
 5 SYSTEMPATH\CodeIgniter.php(497): CodeIgniter\CodeIgniter->runController(Object(App\Controllers\CustomerController))
 6 SYSTEMPATH\CodeIgniter.php(366): CodeIgniter\CodeIgniter->handleRequest(null, Object(Config\Cache), false)
 7 FCPATH\index.php(67): CodeIgniter\CodeIgniter->run()
CRITICAL - 2025-02-10 15:13:59 --> Invalid file: "customer/index.php"
in SYSTEMPATH\Exceptions\FrameworkException.php on line 33.
 1 SYSTEMPATH\View\View.php(212): CodeIgniter\Exceptions\FrameworkException::forInvalidFile('customer/index.php')
 2 SYSTEMPATH\Common.php(1180): CodeIgniter\View\View->render('customer/index', [], true)
 3 APPPATH\Controllers\CustomerController.php(15): view('customer/index', [...])
 4 SYSTEMPATH\CodeIgniter.php(932): App\Controllers\CustomerController->index()
 5 SYSTEMPATH\CodeIgniter.php(497): CodeIgniter\CodeIgniter->runController(Object(App\Controllers\CustomerController))
 6 SYSTEMPATH\CodeIgniter.php(366): CodeIgniter\CodeIgniter->handleRequest(null, Object(Config\Cache), false)
 7 FCPATH\index.php(67): CodeIgniter\CodeIgniter->run()
CRITICAL - 2025-02-10 15:13:59 --> Invalid file: "customer/index.php"
in SYSTEMPATH\Exceptions\FrameworkException.php on line 33.
 1 SYSTEMPATH\View\View.php(212): CodeIgniter\Exceptions\FrameworkException::forInvalidFile('customer/index.php')
 2 SYSTEMPATH\Common.php(1180): CodeIgniter\View\View->render('customer/index', [], true)
 3 APPPATH\Controllers\CustomerController.php(15): view('customer/index', [...])
 4 SYSTEMPATH\CodeIgniter.php(932): App\Controllers\CustomerController->index()
 5 SYSTEMPATH\CodeIgniter.php(497): CodeIgniter\CodeIgniter->runController(Object(App\Controllers\CustomerController))
 6 SYSTEMPATH\CodeIgniter.php(366): CodeIgniter\CodeIgniter->handleRequest(null, Object(Config\Cache), false)
 7 FCPATH\index.php(67): CodeIgniter\CodeIgniter->run()
CRITICAL - 2025-02-10 15:13:59 --> Invalid file: "customer/index.php"
in SYSTEMPATH\Exceptions\FrameworkException.php on line 33.
 1 SYSTEMPATH\View\View.php(212): CodeIgniter\Exceptions\FrameworkException::forInvalidFile('customer/index.php')
 2 SYSTEMPATH\Common.php(1180): CodeIgniter\View\View->render('customer/index', [], true)
 3 APPPATH\Controllers\CustomerController.php(15): view('customer/index', [...])
 4 SYSTEMPATH\CodeIgniter.php(932): App\Controllers\CustomerController->index()
 5 SYSTEMPATH\CodeIgniter.php(497): CodeIgniter\CodeIgniter->runController(Object(App\Controllers\CustomerController))
 6 SYSTEMPATH\CodeIgniter.php(366): CodeIgniter\CodeIgniter->handleRequest(null, Object(Config\Cache), false)
 7 FCPATH\index.php(67): CodeIgniter\CodeIgniter->run()
CRITICAL - 2025-02-10 15:14:10 --> Invalid file: "customer/index.php"
in SYSTEMPATH\Exceptions\FrameworkException.php on line 33.
 1 SYSTEMPATH\View\View.php(212): CodeIgniter\Exceptions\FrameworkException::forInvalidFile('customer/index.php')
 2 SYSTEMPATH\Common.php(1180): CodeIgniter\View\View->render('customer/index', [], true)
 3 APPPATH\Controllers\CustomerController.php(15): view('customer/index', [...])
 4 SYSTEMPATH\CodeIgniter.php(932): App\Controllers\CustomerController->index()
 5 SYSTEMPATH\CodeIgniter.php(497): CodeIgniter\CodeIgniter->runController(Object(App\Controllers\CustomerController))
 6 SYSTEMPATH\CodeIgniter.php(366): CodeIgniter\CodeIgniter->handleRequest(null, Object(Config\Cache), false)
 7 FCPATH\index.php(67): CodeIgniter\CodeIgniter->run()
INFO - 2025-02-10 15:19:35 --> Session: Class initialized using 'CodeIgniter\Session\Handlers\FileHandler' driver.
CRITICAL - 2025-02-10 15:19:35 --> Undefined variable $customers
in APPPATH\Views\customer\user.php on line 30.
 1 APPPATH\Views\customer\user.php(30): CodeIgniter\Debug\Exceptions->errorHandler(2, 'Undefined variable $customers', 'C:\\xampp\\htdocs\\buku\\app\\Views\\customer\\user.php', 30)
 2 SYSTEMPATH\View\View.php(224): include('C:\\xampp\\htdocs\\buku\\app\\Views\\customer\\user.php')
 3 SYSTEMPATH\View\View.php(227): CodeIgniter\View\View->CodeIgniter\View\{closure}()
 4 SYSTEMPATH\Common.php(1180): CodeIgniter\View\View->render('customer/user', [], true)
 5 APPPATH\Controllers\CustomerController.php(20): view('customer/user')
 6 SYSTEMPATH\CodeIgniter.php(932): App\Controllers\CustomerController->user()
 7 SYSTEMPATH\CodeIgniter.php(497): CodeIgniter\CodeIgniter->runController(Object(App\Controllers\CustomerController))
 8 SYSTEMPATH\CodeIgniter.php(366): CodeIgniter\CodeIgniter->handleRequest(null, Object(Config\Cache), false)
 9 FCPATH\index.php(67): CodeIgniter\CodeIgniter->run()
INFO - 2025-02-10 15:19:36 --> Session: Class initialized using 'CodeIgniter\Session\Handlers\FileHandler' driver.
CRITICAL - 2025-02-10 15:19:36 --> Undefined variable $customers
in APPPATH\Views\customer\user.php on line 30.
 1 APPPATH\Views\customer\user.php(30): CodeIgniter\Debug\Exceptions->errorHandler(2, 'Undefined variable $customers', 'C:\\xampp\\htdocs\\buku\\app\\Views\\customer\\user.php', 30)
 2 SYSTEMPATH\View\View.php(224): include('C:\\xampp\\htdocs\\buku\\app\\Views\\customer\\user.php')
 3 SYSTEMPATH\View\View.php(227): CodeIgniter\View\View->CodeIgniter\View\{closure}()
 4 SYSTEMPATH\Common.php(1180): CodeIgniter\View\View->render('customer/user', [], true)
 5 APPPATH\Controllers\CustomerController.php(20): view('customer/user')
 6 SYSTEMPATH\CodeIgniter.php(932): App\Controllers\CustomerController->user()
 7 SYSTEMPATH\CodeIgniter.php(497): CodeIgniter\CodeIgniter->runController(Object(App\Controllers\CustomerController))
 8 SYSTEMPATH\CodeIgniter.php(366): CodeIgniter\CodeIgniter->handleRequest(null, Object(Config\Cache), false)
 9 FCPATH\index.php(67): CodeIgniter\CodeIgniter->run()
INFO - 2025-02-10 15:19:37 --> Session: Class initialized using 'CodeIgniter\Session\Handlers\FileHandler' driver.
CRITICAL - 2025-02-10 15:19:37 --> Undefined variable $customers
in APPPATH\Views\customer\user.php on line 30.
 1 APPPATH\Views\customer\user.php(30): CodeIgniter\Debug\Exceptions->errorHandler(2, 'Undefined variable $customers', 'C:\\xampp\\htdocs\\buku\\app\\Views\\customer\\user.php', 30)
 2 SYSTEMPATH\View\View.php(224): include('C:\\xampp\\htdocs\\buku\\app\\Views\\customer\\user.php')
 3 SYSTEMPATH\View\View.php(227): CodeIgniter\View\View->CodeIgniter\View\{closure}()
 4 SYSTEMPATH\Common.php(1180): CodeIgniter\View\View->render('customer/user', [], true)
 5 APPPATH\Controllers\CustomerController.php(20): view('customer/user')
 6 SYSTEMPATH\CodeIgniter.php(932): App\Controllers\CustomerController->user()
 7 SYSTEMPATH\CodeIgniter.php(497): CodeIgniter\CodeIgniter->runController(Object(App\Controllers\CustomerController))
 8 SYSTEMPATH\CodeIgniter.php(366): CodeIgniter\CodeIgniter->handleRequest(null, Object(Config\Cache), false)
 9 FCPATH\index.php(67): CodeIgniter\CodeIgniter->run()
ERROR - 2025-02-10 15:23:51 --> mysqli_sql_exception: Column 'published_year' cannot be null in C:\xampp\htdocs\buku\system\Database\MySQLi\Connection.php:295
Stack trace:
#0 C:\xampp\htdocs\buku\system\Database\MySQLi\Connection.php(295): mysqli->query('INSERT INTO `bo...', 0)
#1 C:\xampp\htdocs\buku\system\Database\BaseConnection.php(692): CodeIgniter\Database\MySQLi\Connection->execute('INSERT INTO `bo...')
#2 C:\xampp\htdocs\buku\system\Database\BaseConnection.php(606): CodeIgniter\Database\BaseConnection->simpleQuery('INSERT INTO `bo...')
#3 C:\xampp\htdocs\buku\system\Database\BaseBuilder.php(2309): CodeIgniter\Database\BaseConnection->query('INSERT INTO `bo...', Array, false)
#4 C:\xampp\htdocs\buku\system\Model.php(330): CodeIgniter\Database\BaseBuilder->insert()
#5 C:\xampp\htdocs\buku\system\BaseModel.php(782): CodeIgniter\Model->doInsert(Array)
#6 C:\xampp\htdocs\buku\system\Model.php(730): CodeIgniter\BaseModel->insert(Array, false)
#7 C:\xampp\htdocs\buku\system\BaseModel.php(692): CodeIgniter\Model->insert(Array, false)
#8 C:\xampp\htdocs\buku\app\Controllers\BookController.php(25): CodeIgniter\BaseModel->save(Array)
#9 C:\xampp\htdocs\buku\system\CodeIgniter.php(932): App\Controllers\BookController->store()
#10 C:\xampp\htdocs\buku\system\CodeIgniter.php(497): CodeIgniter\CodeIgniter->runController(Object(App\Controllers\BookController))
#11 C:\xampp\htdocs\buku\system\CodeIgniter.php(366): CodeIgniter\CodeIgniter->handleRequest(NULL, Object(Config\Cache), false)
#12 C:\xampp\htdocs\buku\index.php(67): CodeIgniter\CodeIgniter->run()
#13 {main}
CRITICAL - 2025-02-10 15:23:51 --> Column 'published_year' cannot be null
in SYSTEMPATH\Database\MySQLi\Connection.php on line 295.
 1 SYSTEMPATH\Database\MySQLi\Connection.php(295): mysqli->query('INSERT INTO `books` (`title`, `author`, `published_year`) VALUES (\'rapli\', \'neeie@gmail.com\', NULL)', 0)
 2 SYSTEMPATH\Database\BaseConnection.php(692): CodeIgniter\Database\MySQLi\Connection->execute('INSERT INTO `books` (`title`, `author`, `published_year`) VALUES (\'rapli\', \'neeie@gmail.com\', NULL)')
 3 SYSTEMPATH\Database\BaseConnection.php(606): CodeIgniter\Database\BaseConnection->simpleQuery('INSERT INTO `books` (`title`, `author`, `published_year`) VALUES (\'rapli\', \'neeie@gmail.com\', NULL)')
 4 SYSTEMPATH\Database\BaseBuilder.php(2309): CodeIgniter\Database\BaseConnection->query('INSERT INTO `books` (`title`, `author`, `published_year`) VALUES (:title:, :author:, :published_year:)', [...], false)
 5 SYSTEMPATH\Model.php(330): CodeIgniter\Database\BaseBuilder->insert()
 6 SYSTEMPATH\BaseModel.php(782): CodeIgniter\Model->doInsert([...])
 7 SYSTEMPATH\Model.php(730): CodeIgniter\BaseModel->insert([...], false)
 8 SYSTEMPATH\BaseModel.php(692): CodeIgniter\Model->insert([...], false)
 9 APPPATH\Controllers\BookController.php(25): CodeIgniter\BaseModel->save([...])
10 SYSTEMPATH\CodeIgniter.php(932): App\Controllers\BookController->store()
11 SYSTEMPATH\CodeIgniter.php(497): CodeIgniter\CodeIgniter->runController(Object(App\Controllers\BookController))
12 SYSTEMPATH\CodeIgniter.php(366): CodeIgniter\CodeIgniter->handleRequest(null, Object(Config\Cache), false)
13 FCPATH\index.php(67): CodeIgniter\CodeIgniter->run()
INFO - 2025-02-10 15:26:23 --> Session: Class initialized using 'CodeIgniter\Session\Handlers\FileHandler' driver.
INFO - 2025-02-10 15:29:02 --> Session: Class initialized using 'CodeIgniter\Session\Handlers\FileHandler' driver.
INFO - 2025-02-10 15:33:20 --> Session: Class initialized using 'CodeIgniter\Session\Handlers\FileHandler' driver.
INFO - 2025-02-10 15:35:07 --> Session: Class initialized using 'CodeIgniter\Session\Handlers\FileHandler' driver.
INFO - 2025-02-10 15:35:09 --> Session: Class initialized using 'CodeIgniter\Session\Handlers\FileHandler' driver.
INFO - 2025-02-10 15:35:31 --> Session: Class initialized using 'CodeIgniter\Session\Handlers\FileHandler' driver.
INFO - 2025-02-10 15:36:06 --> Session: Class initialized using 'CodeIgniter\Session\Handlers\FileHandler' driver.
INFO - 2025-02-10 15:39:59 --> Session: Class initialized using 'CodeIgniter\Session\Handlers\FileHandler' driver.
CRITICAL - 2025-02-10 15:42:03 --> syntax error, unexpected variable "$data", expecting ")"
in APPPATH\Controllers\CustomerController.php on line 22.
 1 SYSTEMPATH\Autoloader\Autoloader.php(289): CodeIgniter\Autoloader\Autoloader->includeFile('C:\\xampp\\htdocs\\buku\\app\\Controllers\\CustomerController.php')
 2 SYSTEMPATH\Autoloader\Autoloader.php(267): CodeIgniter\Autoloader\Autoloader->loadInNamespace('App\\Controllers\\CustomerController')
 3 [internal function]: CodeIgniter\Autoloader\Autoloader->loadClass('App\\Controllers\\CustomerController')
 4 SYSTEMPATH\CodeIgniter.php(890): class_exists('\\App\\Controllers\\CustomerController', true)
 5 SYSTEMPATH\CodeIgniter.php(484): CodeIgniter\CodeIgniter->startController()
 6 SYSTEMPATH\CodeIgniter.php(366): CodeIgniter\CodeIgniter->handleRequest(null, Object(Config\Cache), false)
 7 FCPATH\index.php(67): CodeIgniter\CodeIgniter->run()
CRITICAL - 2025-02-10 15:42:48 --> Undefined array key "title"
in APPPATH\Views\customer\user.php on line 152.
 1 APPPATH\Views\customer\user.php(152): CodeIgniter\Debug\Exceptions->errorHandler(2, 'Undefined array key "title"', 'C:\\xampp\\htdocs\\buku\\app\\Views\\customer\\user.php', 152)
 2 SYSTEMPATH\View\View.php(224): include('C:\\xampp\\htdocs\\buku\\app\\Views\\customer\\user.php')
 3 SYSTEMPATH\View\View.php(227): CodeIgniter\View\View->CodeIgniter\View\{closure}()
 4 SYSTEMPATH\Common.php(1180): CodeIgniter\View\View->render('customer/user', [], true)
 5 APPPATH\Controllers\CustomerController.php(22): view('customer/user', [...])
 6 SYSTEMPATH\CodeIgniter.php(932): App\Controllers\CustomerController->user()
 7 SYSTEMPATH\CodeIgniter.php(497): CodeIgniter\CodeIgniter->runController(Object(App\Controllers\CustomerController))
 8 SYSTEMPATH\CodeIgniter.php(366): CodeIgniter\CodeIgniter->handleRequest(null, Object(Config\Cache), false)
 9 FCPATH\index.php(67): CodeIgniter\CodeIgniter->run()
CRITICAL - 2025-02-10 15:42:49 --> Undefined array key "title"
in APPPATH\Views\customer\user.php on line 152.
 1 APPPATH\Views\customer\user.php(152): CodeIgniter\Debug\Exceptions->errorHandler(2, 'Undefined array key "title"', 'C:\\xampp\\htdocs\\buku\\app\\Views\\customer\\user.php', 152)
 2 SYSTEMPATH\View\View.php(224): include('C:\\xampp\\htdocs\\buku\\app\\Views\\customer\\user.php')
 3 SYSTEMPATH\View\View.php(227): CodeIgniter\View\View->CodeIgniter\View\{closure}()
 4 SYSTEMPATH\Common.php(1180): CodeIgniter\View\View->render('customer/user', [], true)
 5 APPPATH\Controllers\CustomerController.php(22): view('customer/user', [...])
 6 SYSTEMPATH\CodeIgniter.php(932): App\Controllers\CustomerController->user()
 7 SYSTEMPATH\CodeIgniter.php(497): CodeIgniter\CodeIgniter->runController(Object(App\Controllers\CustomerController))
 8 SYSTEMPATH\CodeIgniter.php(366): CodeIgniter\CodeIgniter->handleRequest(null, Object(Config\Cache), false)
 9 FCPATH\index.php(67): CodeIgniter\CodeIgniter->run()
CRITICAL - 2025-02-10 15:42:49 --> Undefined array key "title"
in APPPATH\Views\customer\user.php on line 152.
 1 APPPATH\Views\customer\user.php(152): CodeIgniter\Debug\Exceptions->errorHandler(2, 'Undefined array key "title"', 'C:\\xampp\\htdocs\\buku\\app\\Views\\customer\\user.php', 152)
 2 SYSTEMPATH\View\View.php(224): include('C:\\xampp\\htdocs\\buku\\app\\Views\\customer\\user.php')
 3 SYSTEMPATH\View\View.php(227): CodeIgniter\View\View->CodeIgniter\View\{closure}()
 4 SYSTEMPATH\Common.php(1180): CodeIgniter\View\View->render('customer/user', [], true)
 5 APPPATH\Controllers\CustomerController.php(22): view('customer/user', [...])
 6 SYSTEMPATH\CodeIgniter.php(932): App\Controllers\CustomerController->user()
 7 SYSTEMPATH\CodeIgniter.php(497): CodeIgniter\CodeIgniter->runController(Object(App\Controllers\CustomerController))
 8 SYSTEMPATH\CodeIgniter.php(366): CodeIgniter\CodeIgniter->handleRequest(null, Object(Config\Cache), false)
 9 FCPATH\index.php(67): CodeIgniter\CodeIgniter->run()
CRITICAL - 2025-02-10 15:42:51 --> Undefined array key "title"
in APPPATH\Views\customer\user.php on line 152.
 1 APPPATH\Views\customer\user.php(152): CodeIgniter\Debug\Exceptions->errorHandler(2, 'Undefined array key "title"', 'C:\\xampp\\htdocs\\buku\\app\\Views\\customer\\user.php', 152)
 2 SYSTEMPATH\View\View.php(224): include('C:\\xampp\\htdocs\\buku\\app\\Views\\customer\\user.php')
 3 SYSTEMPATH\View\View.php(227): CodeIgniter\View\View->CodeIgniter\View\{closure}()
 4 SYSTEMPATH\Common.php(1180): CodeIgniter\View\View->render('customer/user', [], true)
 5 APPPATH\Controllers\CustomerController.php(22): view('customer/user', [...])
 6 SYSTEMPATH\CodeIgniter.php(932): App\Controllers\CustomerController->user()
 7 SYSTEMPATH\CodeIgniter.php(497): CodeIgniter\CodeIgniter->runController(Object(App\Controllers\CustomerController))
 8 SYSTEMPATH\CodeIgniter.php(366): CodeIgniter\CodeIgniter->handleRequest(null, Object(Config\Cache), false)
 9 FCPATH\index.php(67): CodeIgniter\CodeIgniter->run()
INFO - 2025-02-10 15:44:50 --> Session: Class initialized using 'CodeIgniter\Session\Handlers\FileHandler' driver.
ERROR - 2025-02-10 15:49:12 --> mysqli_sql_exception: Unknown column 'phone' in 'field list' in C:\xampp\htdocs\buku\system\Database\MySQLi\Connection.php:295
Stack trace:
#0 C:\xampp\htdocs\buku\system\Database\MySQLi\Connection.php(295): mysqli->query('INSERT INTO `cu...', 0)
#1 C:\xampp\htdocs\buku\system\Database\BaseConnection.php(692): CodeIgniter\Database\MySQLi\Connection->execute('INSERT INTO `cu...')
#2 C:\xampp\htdocs\buku\system\Database\BaseConnection.php(606): CodeIgniter\Database\BaseConnection->simpleQuery('INSERT INTO `cu...')
#3 C:\xampp\htdocs\buku\system\Database\BaseBuilder.php(2309): CodeIgniter\Database\BaseConnection->query('INSERT INTO `cu...', Array, false)
#4 C:\xampp\htdocs\buku\system\Model.php(330): CodeIgniter\Database\BaseBuilder->insert()
#5 C:\xampp\htdocs\buku\system\BaseModel.php(782): CodeIgniter\Model->doInsert(Array)
#6 C:\xampp\htdocs\buku\system\Model.php(730): CodeIgniter\BaseModel->insert(Array, false)
#7 C:\xampp\htdocs\buku\system\BaseModel.php(692): CodeIgniter\Model->insert(Array, false)
#8 C:\xampp\htdocs\buku\app\Controllers\CustomerController.php(40): CodeIgniter\BaseModel->save(Array)
#9 C:\xampp\htdocs\buku\system\CodeIgniter.php(932): App\Controllers\CustomerController->store()
#10 C:\xampp\htdocs\buku\system\CodeIgniter.php(497): CodeIgniter\CodeIgniter->runController(Object(App\Controllers\CustomerController))
#11 C:\xampp\htdocs\buku\system\CodeIgniter.php(366): CodeIgniter\CodeIgniter->handleRequest(NULL, Object(Config\Cache), false)
#12 C:\xampp\htdocs\buku\index.php(67): CodeIgniter\CodeIgniter->run()
#13 {main}
CRITICAL - 2025-02-10 15:49:12 --> Unknown column 'phone' in 'field list'
in SYSTEMPATH\Database\MySQLi\Connection.php on line 295.
 1 SYSTEMPATH\Database\MySQLi\Connection.php(295): mysqli->query('INSERT INTO `customers` (`name`, `email`, `phone`, `address`) VALUES (NULL, NULL, NULL, NULL)', 0)
 2 SYSTEMPATH\Database\BaseConnection.php(692): CodeIgniter\Database\MySQLi\Connection->execute('INSERT INTO `customers` (`name`, `email`, `phone`, `address`) VALUES (NULL, NULL, NULL, NULL)')
 3 SYSTEMPATH\Database\BaseConnection.php(606): CodeIgniter\Database\BaseConnection->simpleQuery('INSERT INTO `customers` (`name`, `email`, `phone`, `address`) VALUES (NULL, NULL, NULL, NULL)')
 4 SYSTEMPATH\Database\BaseBuilder.php(2309): CodeIgniter\Database\BaseConnection->query('INSERT INTO `customers` (`name`, `email`, `phone`, `address`) VALUES (:name:, :email:, :phone:, :address:)', [...], false)
 5 SYSTEMPATH\Model.php(330): CodeIgniter\Database\BaseBuilder->insert()
 6 SYSTEMPATH\BaseModel.php(782): CodeIgniter\Model->doInsert([...])
 7 SYSTEMPATH\Model.php(730): CodeIgniter\BaseModel->insert([...], false)
 8 SYSTEMPATH\BaseModel.php(692): CodeIgniter\Model->insert([...], false)
 9 APPPATH\Controllers\CustomerController.php(40): CodeIgniter\BaseModel->save([...])
10 SYSTEMPATH\CodeIgniter.php(932): App\Controllers\CustomerController->store()
11 SYSTEMPATH\CodeIgniter.php(497): CodeIgniter\CodeIgniter->runController(Object(App\Controllers\CustomerController))
12 SYSTEMPATH\CodeIgniter.php(366): CodeIgniter\CodeIgniter->handleRequest(null, Object(Config\Cache), false)
13 FCPATH\index.php(67): CodeIgniter\CodeIgniter->run()
ERROR - 2025-02-10 15:49:39 --> mysqli_sql_exception: Column 'name' cannot be null in C:\xampp\htdocs\buku\system\Database\MySQLi\Connection.php:295
Stack trace:
#0 C:\xampp\htdocs\buku\system\Database\MySQLi\Connection.php(295): mysqli->query('INSERT INTO `cu...', 0)
#1 C:\xampp\htdocs\buku\system\Database\BaseConnection.php(692): CodeIgniter\Database\MySQLi\Connection->execute('INSERT INTO `cu...')
#2 C:\xampp\htdocs\buku\system\Database\BaseConnection.php(606): CodeIgniter\Database\BaseConnection->simpleQuery('INSERT INTO `cu...')
#3 C:\xampp\htdocs\buku\system\Database\BaseBuilder.php(2309): CodeIgniter\Database\BaseConnection->query('INSERT INTO `cu...', Array, false)
#4 C:\xampp\htdocs\buku\system\Model.php(330): CodeIgniter\Database\BaseBuilder->insert()
#5 C:\xampp\htdocs\buku\system\BaseModel.php(782): CodeIgniter\Model->doInsert(Array)
#6 C:\xampp\htdocs\buku\system\Model.php(730): CodeIgniter\BaseModel->insert(Array, false)
#7 C:\xampp\htdocs\buku\system\BaseModel.php(692): CodeIgniter\Model->insert(Array, false)
#8 C:\xampp\htdocs\buku\app\Controllers\CustomerController.php(40): CodeIgniter\BaseModel->save(Array)
#9 C:\xampp\htdocs\buku\system\CodeIgniter.php(932): App\Controllers\CustomerController->store()
#10 C:\xampp\htdocs\buku\system\CodeIgniter.php(497): CodeIgniter\CodeIgniter->runController(Object(App\Controllers\CustomerController))
#11 C:\xampp\htdocs\buku\system\CodeIgniter.php(366): CodeIgniter\CodeIgniter->handleRequest(NULL, Object(Config\Cache), false)
#12 C:\xampp\htdocs\buku\index.php(67): CodeIgniter\CodeIgniter->run()
#13 {main}
CRITICAL - 2025-02-10 15:49:39 --> Column 'name' cannot be null
in SYSTEMPATH\Database\MySQLi\Connection.php on line 295.
 1 SYSTEMPATH\Database\MySQLi\Connection.php(295): mysqli->query('INSERT INTO `customers` (`name`, `email`) VALUES (NULL, NULL)', 0)
 2 SYSTEMPATH\Database\BaseConnection.php(692): CodeIgniter\Database\MySQLi\Connection->execute('INSERT INTO `customers` (`name`, `email`) VALUES (NULL, NULL)')
 3 SYSTEMPATH\Database\BaseConnection.php(606): CodeIgniter\Database\BaseConnection->simpleQuery('INSERT INTO `customers` (`name`, `email`) VALUES (NULL, NULL)')
 4 SYSTEMPATH\Database\BaseBuilder.php(2309): CodeIgniter\Database\BaseConnection->query('INSERT INTO `customers` (`name`, `email`) VALUES (:name:, :email:)', [...], false)
 5 SYSTEMPATH\Model.php(330): CodeIgniter\Database\BaseBuilder->insert()
 6 SYSTEMPATH\BaseModel.php(782): CodeIgniter\Model->doInsert([...])
 7 SYSTEMPATH\Model.php(730): CodeIgniter\BaseModel->insert([...], false)
 8 SYSTEMPATH\BaseModel.php(692): CodeIgniter\Model->insert([...], false)
 9 APPPATH\Controllers\CustomerController.php(40): CodeIgniter\BaseModel->save([...])
10 SYSTEMPATH\CodeIgniter.php(932): App\Controllers\CustomerController->store()
11 SYSTEMPATH\CodeIgniter.php(497): CodeIgniter\CodeIgniter->runController(Object(App\Controllers\CustomerController))
12 SYSTEMPATH\CodeIgniter.php(366): CodeIgniter\CodeIgniter->handleRequest(null, Object(Config\Cache), false)
13 FCPATH\index.php(67): CodeIgniter\CodeIgniter->run()
ERROR - 2025-02-10 15:49:41 --> mysqli_sql_exception: Column 'name' cannot be null in C:\xampp\htdocs\buku\system\Database\MySQLi\Connection.php:295
Stack trace:
#0 C:\xampp\htdocs\buku\system\Database\MySQLi\Connection.php(295): mysqli->query('INSERT INTO `cu...', 0)
#1 C:\xampp\htdocs\buku\system\Database\BaseConnection.php(692): CodeIgniter\Database\MySQLi\Connection->execute('INSERT INTO `cu...')
#2 C:\xampp\htdocs\buku\system\Database\BaseConnection.php(606): CodeIgniter\Database\BaseConnection->simpleQuery('INSERT INTO `cu...')
#3 C:\xampp\htdocs\buku\system\Database\BaseBuilder.php(2309): CodeIgniter\Database\BaseConnection->query('INSERT INTO `cu...', Array, false)
#4 C:\xampp\htdocs\buku\system\Model.php(330): CodeIgniter\Database\BaseBuilder->insert()
#5 C:\xampp\htdocs\buku\system\BaseModel.php(782): CodeIgniter\Model->doInsert(Array)
#6 C:\xampp\htdocs\buku\system\Model.php(730): CodeIgniter\BaseModel->insert(Array, false)
#7 C:\xampp\htdocs\buku\system\BaseModel.php(692): CodeIgniter\Model->insert(Array, false)
#8 C:\xampp\htdocs\buku\app\Controllers\CustomerController.php(40): CodeIgniter\BaseModel->save(Array)
#9 C:\xampp\htdocs\buku\system\CodeIgniter.php(932): App\Controllers\CustomerController->store()
#10 C:\xampp\htdocs\buku\system\CodeIgniter.php(497): CodeIgniter\CodeIgniter->runController(Object(App\Controllers\CustomerController))
#11 C:\xampp\htdocs\buku\system\CodeIgniter.php(366): CodeIgniter\CodeIgniter->handleRequest(NULL, Object(Config\Cache), false)
#12 C:\xampp\htdocs\buku\index.php(67): CodeIgniter\CodeIgniter->run()
#13 {main}
CRITICAL - 2025-02-10 15:49:41 --> Column 'name' cannot be null
in SYSTEMPATH\Database\MySQLi\Connection.php on line 295.
 1 SYSTEMPATH\Database\MySQLi\Connection.php(295): mysqli->query('INSERT INTO `customers` (`name`, `email`) VALUES (NULL, NULL)', 0)
 2 SYSTEMPATH\Database\BaseConnection.php(692): CodeIgniter\Database\MySQLi\Connection->execute('INSERT INTO `customers` (`name`, `email`) VALUES (NULL, NULL)')
 3 SYSTEMPATH\Database\BaseConnection.php(606): CodeIgniter\Database\BaseConnection->simpleQuery('INSERT INTO `customers` (`name`, `email`) VALUES (NULL, NULL)')
 4 SYSTEMPATH\Database\BaseBuilder.php(2309): CodeIgniter\Database\BaseConnection->query('INSERT INTO `customers` (`name`, `email`) VALUES (:name:, :email:)', [...], false)
 5 SYSTEMPATH\Model.php(330): CodeIgniter\Database\BaseBuilder->insert()
 6 SYSTEMPATH\BaseModel.php(782): CodeIgniter\Model->doInsert([...])
 7 SYSTEMPATH\Model.php(730): CodeIgniter\BaseModel->insert([...], false)
 8 SYSTEMPATH\BaseModel.php(692): CodeIgniter\Model->insert([...], false)
 9 APPPATH\Controllers\CustomerController.php(40): CodeIgniter\BaseModel->save([...])
10 SYSTEMPATH\CodeIgniter.php(932): App\Controllers\CustomerController->store()
11 SYSTEMPATH\CodeIgniter.php(497): CodeIgniter\CodeIgniter->runController(Object(App\Controllers\CustomerController))
12 SYSTEMPATH\CodeIgniter.php(366): CodeIgniter\CodeIgniter->handleRequest(null, Object(Config\Cache), false)
13 FCPATH\index.php(67): CodeIgniter\CodeIgniter->run()
ERROR - 2025-02-10 15:54:04 --> mysqli_sql_exception: Column 'name' cannot be null in C:\xampp\htdocs\buku\system\Database\MySQLi\Connection.php:295
Stack trace:
#0 C:\xampp\htdocs\buku\system\Database\MySQLi\Connection.php(295): mysqli->query('INSERT INTO `cu...', 0)
#1 C:\xampp\htdocs\buku\system\Database\BaseConnection.php(692): CodeIgniter\Database\MySQLi\Connection->execute('INSERT INTO `cu...')
#2 C:\xampp\htdocs\buku\system\Database\BaseConnection.php(606): CodeIgniter\Database\BaseConnection->simpleQuery('INSERT INTO `cu...')
#3 C:\xampp\htdocs\buku\system\Database\BaseBuilder.php(2309): CodeIgniter\Database\BaseConnection->query('INSERT INTO `cu...', Array, false)
#4 C:\xampp\htdocs\buku\system\Model.php(330): CodeIgniter\Database\BaseBuilder->insert()
#5 C:\xampp\htdocs\buku\system\BaseModel.php(782): CodeIgniter\Model->doInsert(Array)
#6 C:\xampp\htdocs\buku\system\Model.php(730): CodeIgniter\BaseModel->insert(Array, false)
#7 C:\xampp\htdocs\buku\system\BaseModel.php(692): CodeIgniter\Model->insert(Array, false)
#8 C:\xampp\htdocs\buku\app\Controllers\CustomerController.php(40): CodeIgniter\BaseModel->save(Array)
#9 C:\xampp\htdocs\buku\system\CodeIgniter.php(932): App\Controllers\CustomerController->store()
#10 C:\xampp\htdocs\buku\system\CodeIgniter.php(497): CodeIgniter\CodeIgniter->runController(Object(App\Controllers\CustomerController))
#11 C:\xampp\htdocs\buku\system\CodeIgniter.php(366): CodeIgniter\CodeIgniter->handleRequest(NULL, Object(Config\Cache), false)
#12 C:\xampp\htdocs\buku\index.php(67): CodeIgniter\CodeIgniter->run()
#13 {main}
CRITICAL - 2025-02-10 15:54:04 --> Column 'name' cannot be null
in SYSTEMPATH\Database\MySQLi\Connection.php on line 295.
 1 SYSTEMPATH\Database\MySQLi\Connection.php(295): mysqli->query('INSERT INTO `customers` (`name`, `email`) VALUES (NULL, NULL)', 0)
 2 SYSTEMPATH\Database\BaseConnection.php(692): CodeIgniter\Database\MySQLi\Connection->execute('INSERT INTO `customers` (`name`, `email`) VALUES (NULL, NULL)')
 3 SYSTEMPATH\Database\BaseConnection.php(606): CodeIgniter\Database\BaseConnection->simpleQuery('INSERT INTO `customers` (`name`, `email`) VALUES (NULL, NULL)')
 4 SYSTEMPATH\Database\BaseBuilder.php(2309): CodeIgniter\Database\BaseConnection->query('INSERT INTO `customers` (`name`, `email`) VALUES (:name:, :email:)', [...], false)
 5 SYSTEMPATH\Model.php(330): CodeIgniter\Database\BaseBuilder->insert()
 6 SYSTEMPATH\BaseModel.php(782): CodeIgniter\Model->doInsert([...])
 7 SYSTEMPATH\Model.php(730): CodeIgniter\BaseModel->insert([...], false)
 8 SYSTEMPATH\BaseModel.php(692): CodeIgniter\Model->insert([...], false)
 9 APPPATH\Controllers\CustomerController.php(40): CodeIgniter\BaseModel->save([...])
10 SYSTEMPATH\CodeIgniter.php(932): App\Controllers\CustomerController->store()
11 SYSTEMPATH\CodeIgniter.php(497): CodeIgniter\CodeIgniter->runController(Object(App\Controllers\CustomerController))
12 SYSTEMPATH\CodeIgniter.php(366): CodeIgniter\CodeIgniter->handleRequest(null, Object(Config\Cache), false)
13 FCPATH\index.php(67): CodeIgniter\CodeIgniter->run()
ERROR - 2025-02-10 15:55:01 --> mysqli_sql_exception: Column 'name' cannot be null in C:\xampp\htdocs\buku\system\Database\MySQLi\Connection.php:295
Stack trace:
#0 C:\xampp\htdocs\buku\system\Database\MySQLi\Connection.php(295): mysqli->query('INSERT INTO `cu...', 0)
#1 C:\xampp\htdocs\buku\system\Database\BaseConnection.php(692): CodeIgniter\Database\MySQLi\Connection->execute('INSERT INTO `cu...')
#2 C:\xampp\htdocs\buku\system\Database\BaseConnection.php(606): CodeIgniter\Database\BaseConnection->simpleQuery('INSERT INTO `cu...')
#3 C:\xampp\htdocs\buku\system\Database\BaseBuilder.php(2309): CodeIgniter\Database\BaseConnection->query('INSERT INTO `cu...', Array, false)
#4 C:\xampp\htdocs\buku\system\Model.php(330): CodeIgniter\Database\BaseBuilder->insert()
#5 C:\xampp\htdocs\buku\system\BaseModel.php(782): CodeIgniter\Model->doInsert(Array)
#6 C:\xampp\htdocs\buku\system\Model.php(730): CodeIgniter\BaseModel->insert(Array, false)
#7 C:\xampp\htdocs\buku\system\BaseModel.php(692): CodeIgniter\Model->insert(Array, false)
#8 C:\xampp\htdocs\buku\app\Controllers\CustomerController.php(40): CodeIgniter\BaseModel->save(Array)
#9 C:\xampp\htdocs\buku\system\CodeIgniter.php(932): App\Controllers\CustomerController->store()
#10 C:\xampp\htdocs\buku\system\CodeIgniter.php(497): CodeIgniter\CodeIgniter->runController(Object(App\Controllers\CustomerController))
#11 C:\xampp\htdocs\buku\system\CodeIgniter.php(366): CodeIgniter\CodeIgniter->handleRequest(NULL, Object(Config\Cache), false)
#12 C:\xampp\htdocs\buku\index.php(67): CodeIgniter\CodeIgniter->run()
#13 {main}
CRITICAL - 2025-02-10 15:55:01 --> Column 'name' cannot be null
in SYSTEMPATH\Database\MySQLi\Connection.php on line 295.
 1 SYSTEMPATH\Database\MySQLi\Connection.php(295): mysqli->query('INSERT INTO `customers` (`name`, `email`) VALUES (NULL, NULL)', 0)
 2 SYSTEMPATH\Database\BaseConnection.php(692): CodeIgniter\Database\MySQLi\Connection->execute('INSERT INTO `customers` (`name`, `email`) VALUES (NULL, NULL)')
 3 SYSTEMPATH\Database\BaseConnection.php(606): CodeIgniter\Database\BaseConnection->simpleQuery('INSERT INTO `customers` (`name`, `email`) VALUES (NULL, NULL)')
 4 SYSTEMPATH\Database\BaseBuilder.php(2309): CodeIgniter\Database\BaseConnection->query('INSERT INTO `customers` (`name`, `email`) VALUES (:name:, :email:)', [...], false)
 5 SYSTEMPATH\Model.php(330): CodeIgniter\Database\BaseBuilder->insert()
 6 SYSTEMPATH\BaseModel.php(782): CodeIgniter\Model->doInsert([...])
 7 SYSTEMPATH\Model.php(730): CodeIgniter\BaseModel->insert([...], false)
 8 SYSTEMPATH\BaseModel.php(692): CodeIgniter\Model->insert([...], false)
 9 APPPATH\Controllers\CustomerController.php(40): CodeIgniter\BaseModel->save([...])
10 SYSTEMPATH\CodeIgniter.php(932): App\Controllers\CustomerController->store()
11 SYSTEMPATH\CodeIgniter.php(497): CodeIgniter\CodeIgniter->runController(Object(App\Controllers\CustomerController))
12 SYSTEMPATH\CodeIgniter.php(366): CodeIgniter\CodeIgniter->handleRequest(null, Object(Config\Cache), false)
13 FCPATH\index.php(67): CodeIgniter\CodeIgniter->run()
INFO - 2025-02-10 15:55:13 --> Session: Class initialized using 'CodeIgniter\Session\Handlers\FileHandler' driver.
INFO - 2025-02-10 16:06:24 --> Session: Class initialized using 'CodeIgniter\Session\Handlers\FileHandler' driver.
CRITICAL - 2025-02-10 16:06:24 --> Undefined variable $customers
in APPPATH\Views\loans\index.php on line 9.
 1 APPPATH\Views\loans\index.php(9): CodeIgniter\Debug\Exceptions->errorHandler(2, 'Undefined variable $customers', 'C:\\xampp\\htdocs\\buku\\app\\Views\\loans\\index.php', 9)
 2 SYSTEMPATH\View\View.php(224): include('C:\\xampp\\htdocs\\buku\\app\\Views\\loans\\index.php')
 3 SYSTEMPATH\View\View.php(227): CodeIgniter\View\View->CodeIgniter\View\{closure}()
 4 SYSTEMPATH\Common.php(1180): CodeIgniter\View\View->render('loans/index', [], true)
 5 APPPATH\Controllers\LoanController.php(17): view('loans/index', [...])
 6 SYSTEMPATH\CodeIgniter.php(932): App\Controllers\LoanController->index()
 7 SYSTEMPATH\CodeIgniter.php(497): CodeIgniter\CodeIgniter->runController(Object(App\Controllers\LoanController))
 8 SYSTEMPATH\CodeIgniter.php(366): CodeIgniter\CodeIgniter->handleRequest(null, Object(Config\Cache), false)
 9 FCPATH\index.php(67): CodeIgniter\CodeIgniter->run()
INFO - 2025-02-10 16:09:03 --> Session: Class initialized using 'CodeIgniter\Session\Handlers\FileHandler' driver.
CRITICAL - 2025-02-10 16:09:06 --> Invalid file: "loans/create.php"
in SYSTEMPATH\Exceptions\FrameworkException.php on line 33.
 1 SYSTEMPATH\View\View.php(212): CodeIgniter\Exceptions\FrameworkException::forInvalidFile('loans/create.php')
 2 SYSTEMPATH\Common.php(1180): CodeIgniter\View\View->render('loans/create', [], true)
 3 APPPATH\Controllers\LoanController.php(28): view('loans/create', [...])
 4 SYSTEMPATH\CodeIgniter.php(932): App\Controllers\LoanController->create()
 5 SYSTEMPATH\CodeIgniter.php(497): CodeIgniter\CodeIgniter->runController(Object(App\Controllers\LoanController))
 6 SYSTEMPATH\CodeIgniter.php(366): CodeIgniter\CodeIgniter->handleRequest(null, Object(Config\Cache), false)
 7 FCPATH\index.php(67): CodeIgniter\CodeIgniter->run()
INFO - 2025-02-10 16:09:07 --> Session: Class initialized using 'CodeIgniter\Session\Handlers\FileHandler' driver.
INFO - 2025-02-10 16:10:27 --> Session: Class initialized using 'CodeIgniter\Session\Handlers\FileHandler' driver.
INFO - 2025-02-10 16:10:32 --> Session: Class initialized using 'CodeIgniter\Session\Handlers\FileHandler' driver.
INFO - 2025-02-10 16:11:31 --> Session: Class initialized using 'CodeIgniter\Session\Handlers\FileHandler' driver.
CRITICAL - 2025-02-10 16:11:31 --> Undefined variable $customers
in APPPATH\Views\loans\index.php on line 9.
 1 APPPATH\Views\loans\index.php(9): CodeIgniter\Debug\Exceptions->errorHandler(2, 'Undefined variable $customers', 'C:\\xampp\\htdocs\\buku\\app\\Views\\loans\\index.php', 9)
 2 SYSTEMPATH\View\View.php(224): include('C:\\xampp\\htdocs\\buku\\app\\Views\\loans\\index.php')
 3 SYSTEMPATH\View\View.php(227): CodeIgniter\View\View->CodeIgniter\View\{closure}()
 4 SYSTEMPATH\Common.php(1180): CodeIgniter\View\View->render('loans/index', [], true)
 5 APPPATH\Controllers\LoanController.php(17): view('loans/index', [...])
 6 SYSTEMPATH\CodeIgniter.php(932): App\Controllers\LoanController->index()
 7 SYSTEMPATH\CodeIgniter.php(497): CodeIgniter\CodeIgniter->runController(Object(App\Controllers\LoanController))
 8 SYSTEMPATH\CodeIgniter.php(366): CodeIgniter\CodeIgniter->handleRequest(null, Object(Config\Cache), false)
 9 FCPATH\index.php(67): CodeIgniter\CodeIgniter->run()
INFO - 2025-02-10 16:11:47 --> Session: Class initialized using 'CodeIgniter\Session\Handlers\FileHandler' driver.
CRITICAL - 2025-02-10 16:11:47 --> Undefined variable $customers
in APPPATH\Views\loans\index.php on line 9.
 1 APPPATH\Views\loans\index.php(9): CodeIgniter\Debug\Exceptions->errorHandler(2, 'Undefined variable $customers', 'C:\\xampp\\htdocs\\buku\\app\\Views\\loans\\index.php', 9)
 2 SYSTEMPATH\View\View.php(224): include('C:\\xampp\\htdocs\\buku\\app\\Views\\loans\\index.php')
 3 SYSTEMPATH\View\View.php(227): CodeIgniter\View\View->CodeIgniter\View\{closure}()
 4 SYSTEMPATH\Common.php(1180): CodeIgniter\View\View->render('loans/index', [], true)
 5 APPPATH\Controllers\LoanController.php(17): view('loans/index', [...])
 6 SYSTEMPATH\CodeIgniter.php(932): App\Controllers\LoanController->index()
 7 SYSTEMPATH\CodeIgniter.php(497): CodeIgniter\CodeIgniter->runController(Object(App\Controllers\LoanController))
 8 SYSTEMPATH\CodeIgniter.php(366): CodeIgniter\CodeIgniter->handleRequest(null, Object(Config\Cache), false)
 9 FCPATH\index.php(67): CodeIgniter\CodeIgniter->run()
ERROR - 2025-02-10 16:16:45 --> mysqli_sql_exception: Column 'name' cannot be null in C:\xampp\htdocs\buku\system\Database\MySQLi\Connection.php:295
Stack trace:
#0 C:\xampp\htdocs\buku\system\Database\MySQLi\Connection.php(295): mysqli->query('INSERT INTO `cu...', 0)
#1 C:\xampp\htdocs\buku\system\Database\BaseConnection.php(692): CodeIgniter\Database\MySQLi\Connection->execute('INSERT INTO `cu...')
#2 C:\xampp\htdocs\buku\system\Database\BaseConnection.php(606): CodeIgniter\Database\BaseConnection->simpleQuery('INSERT INTO `cu...')
#3 C:\xampp\htdocs\buku\system\Database\BaseBuilder.php(2309): CodeIgniter\Database\BaseConnection->query('INSERT INTO `cu...', Array, false)
#4 C:\xampp\htdocs\buku\system\Model.php(330): CodeIgniter\Database\BaseBuilder->insert()
#5 C:\xampp\htdocs\buku\system\BaseModel.php(782): CodeIgniter\Model->doInsert(Array)
#6 C:\xampp\htdocs\buku\system\Model.php(730): CodeIgniter\BaseModel->insert(Array, false)
#7 C:\xampp\htdocs\buku\system\BaseModel.php(692): CodeIgniter\Model->insert(Array, false)
#8 C:\xampp\htdocs\buku\app\Controllers\CustomerController.php(40): CodeIgniter\BaseModel->save(Array)
#9 C:\xampp\htdocs\buku\system\CodeIgniter.php(932): App\Controllers\CustomerController->store()
#10 C:\xampp\htdocs\buku\system\CodeIgniter.php(497): CodeIgniter\CodeIgniter->runController(Object(App\Controllers\CustomerController))
#11 C:\xampp\htdocs\buku\system\CodeIgniter.php(366): CodeIgniter\CodeIgniter->handleRequest(NULL, Object(Config\Cache), false)
#12 C:\xampp\htdocs\buku\index.php(67): CodeIgniter\CodeIgniter->run()
#13 {main}
CRITICAL - 2025-02-10 16:16:45 --> Column 'name' cannot be null
in SYSTEMPATH\Database\MySQLi\Connection.php on line 295.
 1 SYSTEMPATH\Database\MySQLi\Connection.php(295): mysqli->query('INSERT INTO `customers` (`name`, `email`) VALUES (NULL, NULL)', 0)
 2 SYSTEMPATH\Database\BaseConnection.php(692): CodeIgniter\Database\MySQLi\Connection->execute('INSERT INTO `customers` (`name`, `email`) VALUES (NULL, NULL)')
 3 SYSTEMPATH\Database\BaseConnection.php(606): CodeIgniter\Database\BaseConnection->simpleQuery('INSERT INTO `customers` (`name`, `email`) VALUES (NULL, NULL)')
 4 SYSTEMPATH\Database\BaseBuilder.php(2309): CodeIgniter\Database\BaseConnection->query('INSERT INTO `customers` (`name`, `email`) VALUES (:name:, :email:)', [...], false)
 5 SYSTEMPATH\Model.php(330): CodeIgniter\Database\BaseBuilder->insert()
 6 SYSTEMPATH\BaseModel.php(782): CodeIgniter\Model->doInsert([...])
 7 SYSTEMPATH\Model.php(730): CodeIgniter\BaseModel->insert([...], false)
 8 SYSTEMPATH\BaseModel.php(692): CodeIgniter\Model->insert([...], false)
 9 APPPATH\Controllers\CustomerController.php(40): CodeIgniter\BaseModel->save([...])
10 SYSTEMPATH\CodeIgniter.php(932): App\Controllers\CustomerController->store()
11 SYSTEMPATH\CodeIgniter.php(497): CodeIgniter\CodeIgniter->runController(Object(App\Controllers\CustomerController))
12 SYSTEMPATH\CodeIgniter.php(366): CodeIgniter\CodeIgniter->handleRequest(null, Object(Config\Cache), false)
13 FCPATH\index.php(67): CodeIgniter\CodeIgniter->run()
INFO - 2025-02-10 16:17:22 --> Session: Class initialized using 'CodeIgniter\Session\Handlers\FileHandler' driver.
